2024-11-24T23:23:39.651+07:00  INFO 21456 --- [HotelBooking] [main] c.H.H.HotelBookingApplication            : Starting HotelBookingApplication using Java 23.0.1 with PID 21456 (C:\Users\phuon\Downloads\HotelProject\Hotel_Booking_Server\target\classes started by phuon in C:\Users\phuon\Downloads\HotelProject\Hotel_Booking_Server)
2024-11-24T23:23:39.653+07:00  INFO 21456 --- [HotelBooking] [main] c.H.H.HotelBookingApplication            : No active profile set, falling back to 1 default profile: "default"
2024-11-24T23:23:40.115+07:00  INFO 21456 --- [HotelBooking] [main] .s.d.r.c.RepositoryConfigurationDelegate : Bootstrapping Spring Data JPA repositories in DEFAULT mode.
2024-11-24T23:23:40.159+07:00  INFO 21456 --- [HotelBooking] [main] .s.d.r.c.RepositoryConfigurationDelegate : Finished Spring Data repository scanning in 38 ms. Found 1 JPA repository interface.
2024-11-24T23:23:40.502+07:00  INFO 21456 --- [HotelBooking] [main] o.s.b.w.embedded.tomcat.TomcatWebServer  : Tomcat initialized with port 8080 (http)
2024-11-24T23:23:40.511+07:00  INFO 21456 --- [HotelBooking] [main] o.apache.catalina.core.StandardService   : Starting service [Tomcat]
2024-11-24T23:23:40.511+07:00  INFO 21456 --- [HotelBooking] [main] o.apache.catalina.core.StandardEngine    : Starting Servlet engine: [Apache Tomcat/10.1.33]
2024-11-24T23:23:40.547+07:00  INFO 21456 --- [HotelBooking] [main] o.a.c.c.C.[Tomcat].[localhost].[/]       : Initializing Spring embedded WebApplicationContext
2024-11-24T23:23:40.547+07:00  INFO 21456 --- [HotelBooking] [main] w.s.c.ServletWebServerApplicationContext : Root WebApplicationContext: initialization completed in 852 ms
2024-11-24T23:23:40.649+07:00  INFO 21456 --- [HotelBooking] [main] o.hibernate.jpa.internal.util.LogHelper  : HHH000204: Processing PersistenceUnitInfo [name: default]
2024-11-24T23:23:40.682+07:00  INFO 21456 --- [HotelBooking] [main] org.hibernate.Version                    : HHH000412: Hibernate ORM core version 6.5.3.Final
2024-11-24T23:23:40.704+07:00  INFO 21456 --- [HotelBooking] [main] o.h.c.internal.RegionFactoryInitiator    : HHH000026: Second-level cache disabled
2024-11-24T23:23:40.955+07:00  INFO 21456 --- [HotelBooking] [main] o.s.o.j.p.SpringPersistenceUnitInfo      : No LoadTimeWeaver setup: ignoring JPA class transformer
2024-11-24T23:23:40.980+07:00  INFO 21456 --- [HotelBooking] [main] com.zaxxer.hikari.HikariDataSource       : HikariPool-1 - Starting...
2024-11-24T23:23:41.333+07:00  INFO 21456 --- [HotelBooking] [main] com.zaxxer.hikari.pool.HikariPool        : HikariPool-1 - Added connection com.mysql.cj.jdbc.ConnectionImpl@4d825dbe
2024-11-24T23:23:41.335+07:00  INFO 21456 --- [HotelBooking] [main] com.zaxxer.hikari.HikariDataSource       : HikariPool-1 - Start completed.
2024-11-24T23:23:41.954+07:00  INFO 21456 --- [HotelBooking] [main] o.h.e.t.j.p.i.JtaPlatformInitiator       : HHH000489: No JTA platform available (set 'hibernate.transaction.jta.platform' to enable JTA platform integration)
2024-11-24T23:23:41.987+07:00  INFO 21456 --- [HotelBooking] [main] j.LocalContainerEntityManagerFactoryBean : Initialized JPA EntityManagerFactory for persistence unit 'default'
2024-11-24T23:23:42.473+07:00  WARN 21456 --- [HotelBooking] [main] JpaBaseConfiguration$JpaWebConfiguration : spring.jpa.open-in-view is enabled by default. Therefore, database queries may be performed during view rendering. Explicitly configure spring.jpa.open-in-view to disable this warning
2024-11-24T23:23:42.485+07:00  WARN 21456 --- [HotelBooking] [main] .s.s.UserDetailsServiceAutoConfiguration : 

Using generated security password: 052d9ea7-6171-4868-aee2-0589260132e8

This generated password is for development use only. Your security configuration must be updated before running your application in production.

2024-11-24T23:23:42.494+07:00  INFO 21456 --- [HotelBooking] [main] r$InitializeUserDetailsManagerConfigurer : Global AuthenticationManager configured with UserDetailsService bean with name inMemoryUserDetailsManager
2024-11-24T23:23:42.661+07:00 DEBUG 21456 --- [HotelBooking] [main] o.s.s.web.DefaultSecurityFilterChain     : Will secure any request with filters: DisableEncodeUrlFilter, WebAsyncManagerIntegrationFilter, SecurityContextHolderFilter, HeaderWriterFilter, CsrfFilter, LogoutFilter, UsernamePasswordAuthenticationFilter, DefaultLoginPageGeneratingFilter, DefaultLogoutPageGeneratingFilter, BasicAuthenticationFilter, RequestCacheAwareFilter, SecurityContextHolderAwareRequestFilter, AnonymousAuthenticationFilter, ExceptionTranslationFilter, AuthorizationFilter
2024-11-24T23:23:42.829+07:00  INFO 21456 --- [HotelBooking] [main] o.s.b.w.embedded.tomcat.TomcatWebServer  : Tomcat started on port 8080 (http) with context path '/'
2024-11-24T23:23:42.835+07:00  INFO 21456 --- [HotelBooking] [main] c.H.H.HotelBookingApplication            : Started HotelBookingApplication in 3.487 seconds (process running for 3.984)
2024-11-24T23:25:09.275+07:00  INFO 21456 --- [HotelBooking] [http-nio-8080-exec-1] o.a.c.c.C.[Tomcat].[localhost].[/]       : Initializing Spring DispatcherServlet 'dispatcherServlet'
2024-11-24T23:25:09.275+07:00  INFO 21456 --- [HotelBooking] [http-nio-8080-exec-1] o.s.web.servlet.DispatcherServlet        : Initializing Servlet 'dispatcherServlet'
2024-11-24T23:25:09.276+07:00  INFO 21456 --- [HotelBooking] [http-nio-8080-exec-1] o.s.web.servlet.DispatcherServlet        : Completed initialization in 1 ms
2024-11-24T23:25:09.289+07:00 DEBUG 21456 --- [HotelBooking] [http-nio-8080-exec-1] o.s.security.web.FilterChainProxy        : Securing GET /api/auth/signup
2024-11-24T23:25:09.295+07:00 DEBUG 21456 --- [HotelBooking] [http-nio-8080-exec-1] o.s.s.w.a.AnonymousAuthenticationFilter  : Set SecurityContextHolder to anonymous SecurityContext
2024-11-24T23:25:09.309+07:00 DEBUG 21456 --- [HotelBooking] [http-nio-8080-exec-1] o.s.s.w.s.HttpSessionRequestCache        : Saved request http://localhost:8080/api/auth/signup?continue to session
2024-11-24T23:25:09.312+07:00 DEBUG 21456 --- [HotelBooking] [http-nio-8080-exec-1] s.w.a.DelegatingAuthenticationEntryPoint : Trying to match using And [Not [RequestHeaderRequestMatcher [expectedHeaderName=X-Requested-With, expectedHeaderValue=XMLHttpRequest]], MediaTypeRequestMatcher [contentNegotiationStrategy=org.springframework.web.accept.ContentNegotiationManager@2ffaa711, matchingMediaTypes=[application/xhtml+xml, image/*, text/html, text/plain], useEquals=false, ignoredMediaTypes=[*/*]]]
2024-11-24T23:25:09.312+07:00 DEBUG 21456 --- [HotelBooking] [http-nio-8080-exec-1] s.w.a.DelegatingAuthenticationEntryPoint : Trying to match using Or [RequestHeaderRequestMatcher [expectedHeaderName=X-Requested-With, expectedHeaderValue=XMLHttpRequest], And [Not [MediaTypeRequestMatcher [contentNegotiationStrategy=org.springframework.web.accept.ContentNegotiationManager@2ffaa711, matchingMediaTypes=[text/html], useEquals=false, ignoredMediaTypes=[]]], MediaTypeRequestMatcher [contentNegotiationStrategy=org.springframework.web.accept.ContentNegotiationManager@2ffaa711, matchingMediaTypes=[application/atom+xml, application/x-www-form-urlencoded, application/json, application/octet-stream, application/xml, multipart/form-data, text/xml], useEquals=false, ignoredMediaTypes=[*/*]]], MediaTypeRequestMatcher [contentNegotiationStrategy=org.springframework.web.accept.ContentNegotiationManager@2ffaa711, matchingMediaTypes=[*/*], useEquals=true, ignoredMediaTypes=[]]]
2024-11-24T23:25:09.312+07:00 DEBUG 21456 --- [HotelBooking] [http-nio-8080-exec-1] s.w.a.DelegatingAuthenticationEntryPoint : Match found! Executing org.springframework.security.web.authentication.DelegatingAuthenticationEntryPoint@3ddc5a75
2024-11-24T23:25:09.312+07:00 DEBUG 21456 --- [HotelBooking] [http-nio-8080-exec-1] s.w.a.DelegatingAuthenticationEntryPoint : Trying to match using RequestHeaderRequestMatcher [expectedHeaderName=X-Requested-With, expectedHeaderValue=XMLHttpRequest]
2024-11-24T23:25:09.312+07:00 DEBUG 21456 --- [HotelBooking] [http-nio-8080-exec-1] s.w.a.DelegatingAuthenticationEntryPoint : No match found. Using default entry point org.springframework.security.web.authentication.www.BasicAuthenticationEntryPoint@7fe75baf
2024-11-24T23:25:09.322+07:00 DEBUG 21456 --- [HotelBooking] [http-nio-8080-exec-1] o.s.security.web.FilterChainProxy        : Securing GET /error
2024-11-24T23:25:09.322+07:00 DEBUG 21456 --- [HotelBooking] [http-nio-8080-exec-1] o.s.s.w.a.AnonymousAuthenticationFilter  : Set SecurityContextHolder to anonymous SecurityContext
2024-11-24T23:25:09.323+07:00 DEBUG 21456 --- [HotelBooking] [http-nio-8080-exec-1] o.s.s.w.s.HttpSessionRequestCache        : Saved request http://localhost:8080/error?continue to session
2024-11-24T23:25:09.323+07:00 DEBUG 21456 --- [HotelBooking] [http-nio-8080-exec-1] s.w.a.DelegatingAuthenticationEntryPoint : Trying to match using And [Not [RequestHeaderRequestMatcher [expectedHeaderName=X-Requested-With, expectedHeaderValue=XMLHttpRequest]], MediaTypeRequestMatcher [contentNegotiationStrategy=org.springframework.web.accept.ContentNegotiationManager@2ffaa711, matchingMediaTypes=[application/xhtml+xml, image/*, text/html, text/plain], useEquals=false, ignoredMediaTypes=[*/*]]]
2024-11-24T23:25:09.324+07:00 DEBUG 21456 --- [HotelBooking] [http-nio-8080-exec-1] s.w.a.DelegatingAuthenticationEntryPoint : Trying to match using Or [RequestHeaderRequestMatcher [expectedHeaderName=X-Requested-With, expectedHeaderValue=XMLHttpRequest], And [Not [MediaTypeRequestMatcher [contentNegotiationStrategy=org.springframework.web.accept.ContentNegotiationManager@2ffaa711, matchingMediaTypes=[text/html], useEquals=false, ignoredMediaTypes=[]]], MediaTypeRequestMatcher [contentNegotiationStrategy=org.springframework.web.accept.ContentNegotiationManager@2ffaa711, matchingMediaTypes=[application/atom+xml, application/x-www-form-urlencoded, application/json, application/octet-stream, application/xml, multipart/form-data, text/xml], useEquals=false, ignoredMediaTypes=[*/*]]], MediaTypeRequestMatcher [contentNegotiationStrategy=org.springframework.web.accept.ContentNegotiationManager@2ffaa711, matchingMediaTypes=[*/*], useEquals=true, ignoredMediaTypes=[]]]
2024-11-24T23:25:09.324+07:00 DEBUG 21456 --- [HotelBooking] [http-nio-8080-exec-1] s.w.a.DelegatingAuthenticationEntryPoint : Match found! Executing org.springframework.security.web.authentication.DelegatingAuthenticationEntryPoint@3ddc5a75
2024-11-24T23:25:09.324+07:00 DEBUG 21456 --- [HotelBooking] [http-nio-8080-exec-1] s.w.a.DelegatingAuthenticationEntryPoint : Trying to match using RequestHeaderRequestMatcher [expectedHeaderName=X-Requested-With, expectedHeaderValue=XMLHttpRequest]
2024-11-24T23:25:09.324+07:00 DEBUG 21456 --- [HotelBooking] [http-nio-8080-exec-1] s.w.a.DelegatingAuthenticationEntryPoint : No match found. Using default entry point org.springframework.security.web.authentication.www.BasicAuthenticationEntryPoint@7fe75baf
2024-11-24T23:25:23.672+07:00 DEBUG 21456 --- [HotelBooking] [http-nio-8080-exec-3] o.s.security.web.FilterChainProxy        : Securing POST /api/auth/signup
2024-11-24T23:25:23.673+07:00 DEBUG 21456 --- [HotelBooking] [http-nio-8080-exec-3] o.s.security.web.csrf.CsrfFilter         : Invalid CSRF token found for http://localhost:8080/api/auth/signup
2024-11-24T23:25:23.674+07:00 DEBUG 21456 --- [HotelBooking] [http-nio-8080-exec-3] o.s.s.w.access.AccessDeniedHandlerImpl   : Responding with 403 status code
2024-11-24T23:25:23.675+07:00 DEBUG 21456 --- [HotelBooking] [http-nio-8080-exec-3] o.s.security.web.FilterChainProxy        : Securing POST /error
2024-11-24T23:25:23.675+07:00 DEBUG 21456 --- [HotelBooking] [http-nio-8080-exec-3] o.s.s.w.a.AnonymousAuthenticationFilter  : Set SecurityContextHolder to anonymous SecurityContext
2024-11-24T23:25:23.675+07:00 DEBUG 21456 --- [HotelBooking] [http-nio-8080-exec-3] s.w.a.DelegatingAuthenticationEntryPoint : Trying to match using And [Not [RequestHeaderRequestMatcher [expectedHeaderName=X-Requested-With, expectedHeaderValue=XMLHttpRequest]], MediaTypeRequestMatcher [contentNegotiationStrategy=org.springframework.web.accept.ContentNegotiationManager@2ffaa711, matchingMediaTypes=[application/xhtml+xml, image/*, text/html, text/plain], useEquals=false, ignoredMediaTypes=[*/*]]]
2024-11-24T23:25:23.675+07:00 DEBUG 21456 --- [HotelBooking] [http-nio-8080-exec-3] s.w.a.DelegatingAuthenticationEntryPoint : Trying to match using Or [RequestHeaderRequestMatcher [expectedHeaderName=X-Requested-With, expectedHeaderValue=XMLHttpRequest], And [Not [MediaTypeRequestMatcher [contentNegotiationStrategy=org.springframework.web.accept.ContentNegotiationManager@2ffaa711, matchingMediaTypes=[text/html], useEquals=false, ignoredMediaTypes=[]]], MediaTypeRequestMatcher [contentNegotiationStrategy=org.springframework.web.accept.ContentNegotiationManager@2ffaa711, matchingMediaTypes=[application/atom+xml, application/x-www-form-urlencoded, application/json, application/octet-stream, application/xml, multipart/form-data, text/xml], useEquals=false, ignoredMediaTypes=[*/*]]], MediaTypeRequestMatcher [contentNegotiationStrategy=org.springframework.web.accept.ContentNegotiationManager@2ffaa711, matchingMediaTypes=[*/*], useEquals=true, ignoredMediaTypes=[]]]
2024-11-24T23:25:23.675+07:00 DEBUG 21456 --- [HotelBooking] [http-nio-8080-exec-3] s.w.a.DelegatingAuthenticationEntryPoint : Match found! Executing org.springframework.security.web.authentication.DelegatingAuthenticationEntryPoint@3ddc5a75
2024-11-24T23:25:23.675+07:00 DEBUG 21456 --- [HotelBooking] [http-nio-8080-exec-3] s.w.a.DelegatingAuthenticationEntryPoint : Trying to match using RequestHeaderRequestMatcher [expectedHeaderName=X-Requested-With, expectedHeaderValue=XMLHttpRequest]
2024-11-24T23:25:23.675+07:00 DEBUG 21456 --- [HotelBooking] [http-nio-8080-exec-3] s.w.a.DelegatingAuthenticationEntryPoint : No match found. Using default entry point org.springframework.security.web.authentication.www.BasicAuthenticationEntryPoint@7fe75baf
2024-11-24T23:25:29.310+07:00 DEBUG 21456 --- [HotelBooking] [http-nio-8080-exec-10] o.s.security.web.FilterChainProxy        : Securing GET /user
2024-11-24T23:25:29.310+07:00 DEBUG 21456 --- [HotelBooking] [http-nio-8080-exec-10] o.s.s.w.a.AnonymousAuthenticationFilter  : Set SecurityContextHolder to anonymous SecurityContext
2024-11-24T23:25:29.311+07:00 DEBUG 21456 --- [HotelBooking] [http-nio-8080-exec-10] o.s.s.w.s.HttpSessionRequestCache        : Saved request http://localhost:8080/user?continue to session
2024-11-24T23:25:29.312+07:00 DEBUG 21456 --- [HotelBooking] [http-nio-8080-exec-10] s.w.a.DelegatingAuthenticationEntryPoint : Trying to match using And [Not [RequestHeaderRequestMatcher [expectedHeaderName=X-Requested-With, expectedHeaderValue=XMLHttpRequest]], MediaTypeRequestMatcher [contentNegotiationStrategy=org.springframework.web.accept.ContentNegotiationManager@2ffaa711, matchingMediaTypes=[application/xhtml+xml, image/*, text/html, text/plain], useEquals=false, ignoredMediaTypes=[*/*]]]
2024-11-24T23:25:29.312+07:00 DEBUG 21456 --- [HotelBooking] [http-nio-8080-exec-10] s.w.a.DelegatingAuthenticationEntryPoint : Match found! Executing org.springframework.security.web.authentication.LoginUrlAuthenticationEntryPoint@66ad7167
2024-11-24T23:25:29.313+07:00 DEBUG 21456 --- [HotelBooking] [http-nio-8080-exec-10] o.s.s.web.DefaultRedirectStrategy        : Redirecting to http://localhost:8080/login
2024-11-24T23:25:29.319+07:00 DEBUG 21456 --- [HotelBooking] [http-nio-8080-exec-6] o.s.security.web.FilterChainProxy        : Securing GET /login
2024-11-24T23:25:29.687+07:00 DEBUG 21456 --- [HotelBooking] [http-nio-8080-exec-2] o.s.security.web.FilterChainProxy        : Securing GET /favicon.ico
2024-11-24T23:25:29.687+07:00 DEBUG 21456 --- [HotelBooking] [http-nio-8080-exec-2] o.s.s.w.a.AnonymousAuthenticationFilter  : Set SecurityContextHolder to anonymous SecurityContext
2024-11-24T23:25:29.687+07:00 DEBUG 21456 --- [HotelBooking] [http-nio-8080-exec-2] s.w.a.DelegatingAuthenticationEntryPoint : Trying to match using And [Not [RequestHeaderRequestMatcher [expectedHeaderName=X-Requested-With, expectedHeaderValue=XMLHttpRequest]], MediaTypeRequestMatcher [contentNegotiationStrategy=org.springframework.web.accept.ContentNegotiationManager@2ffaa711, matchingMediaTypes=[application/xhtml+xml, image/*, text/html, text/plain], useEquals=false, ignoredMediaTypes=[*/*]]]
2024-11-24T23:25:29.688+07:00 DEBUG 21456 --- [HotelBooking] [http-nio-8080-exec-2] s.w.a.DelegatingAuthenticationEntryPoint : Match found! Executing org.springframework.security.web.authentication.LoginUrlAuthenticationEntryPoint@66ad7167
2024-11-24T23:25:29.688+07:00 DEBUG 21456 --- [HotelBooking] [http-nio-8080-exec-2] o.s.s.web.DefaultRedirectStrategy        : Redirecting to http://localhost:8080/login
2024-11-24T23:25:29.694+07:00 DEBUG 21456 --- [HotelBooking] [http-nio-8080-exec-8] o.s.security.web.FilterChainProxy        : Securing GET /login
2024-11-24T23:25:36.218+07:00 DEBUG 21456 --- [HotelBooking] [http-nio-8080-exec-7] o.s.security.web.FilterChainProxy        : Securing POST /login
2024-11-24T23:25:36.364+07:00 DEBUG 21456 --- [HotelBooking] [http-nio-8080-exec-7] o.s.s.a.dao.DaoAuthenticationProvider    : Failed to find user 'admin'
2024-11-24T23:25:36.367+07:00 DEBUG 21456 --- [HotelBooking] [http-nio-8080-exec-7] o.s.s.web.DefaultRedirectStrategy        : Redirecting to /login?error
2024-11-24T23:25:36.371+07:00 DEBUG 21456 --- [HotelBooking] [http-nio-8080-exec-9] o.s.security.web.FilterChainProxy        : Securing GET /login?error
2024-11-24T23:25:36.426+07:00 DEBUG 21456 --- [HotelBooking] [http-nio-8080-exec-4] o.s.security.web.FilterChainProxy        : Securing GET /favicon.ico
2024-11-24T23:25:36.426+07:00 DEBUG 21456 --- [HotelBooking] [http-nio-8080-exec-4] o.s.s.w.a.AnonymousAuthenticationFilter  : Set SecurityContextHolder to anonymous SecurityContext
2024-11-24T23:25:36.427+07:00 DEBUG 21456 --- [HotelBooking] [http-nio-8080-exec-4] s.w.a.DelegatingAuthenticationEntryPoint : Trying to match using And [Not [RequestHeaderRequestMatcher [expectedHeaderName=X-Requested-With, expectedHeaderValue=XMLHttpRequest]], MediaTypeRequestMatcher [contentNegotiationStrategy=org.springframework.web.accept.ContentNegotiationManager@2ffaa711, matchingMediaTypes=[application/xhtml+xml, image/*, text/html, text/plain], useEquals=false, ignoredMediaTypes=[*/*]]]
2024-11-24T23:25:36.427+07:00 DEBUG 21456 --- [HotelBooking] [http-nio-8080-exec-4] s.w.a.DelegatingAuthenticationEntryPoint : Match found! Executing org.springframework.security.web.authentication.LoginUrlAuthenticationEntryPoint@66ad7167
2024-11-24T23:25:36.427+07:00 DEBUG 21456 --- [HotelBooking] [http-nio-8080-exec-4] o.s.s.web.DefaultRedirectStrategy        : Redirecting to http://localhost:8080/login
2024-11-24T23:25:36.430+07:00 DEBUG 21456 --- [HotelBooking] [http-nio-8080-exec-5] o.s.security.web.FilterChainProxy        : Securing GET /login
2024-11-24T23:25:42.688+07:00 DEBUG 21456 --- [HotelBooking] [http-nio-8080-exec-1] o.s.security.web.FilterChainProxy        : Securing GET /
2024-11-24T23:25:42.689+07:00 DEBUG 21456 --- [HotelBooking] [http-nio-8080-exec-1] o.s.s.w.a.AnonymousAuthenticationFilter  : Set SecurityContextHolder to anonymous SecurityContext
2024-11-24T23:25:42.690+07:00 DEBUG 21456 --- [HotelBooking] [http-nio-8080-exec-1] o.s.s.w.s.HttpSessionRequestCache        : Saved request http://localhost:8080/?continue to session
2024-11-24T23:25:42.690+07:00 DEBUG 21456 --- [HotelBooking] [http-nio-8080-exec-1] s.w.a.DelegatingAuthenticationEntryPoint : Trying to match using And [Not [RequestHeaderRequestMatcher [expectedHeaderName=X-Requested-With, expectedHeaderValue=XMLHttpRequest]], MediaTypeRequestMatcher [contentNegotiationStrategy=org.springframework.web.accept.ContentNegotiationManager@2ffaa711, matchingMediaTypes=[application/xhtml+xml, image/*, text/html, text/plain], useEquals=false, ignoredMediaTypes=[*/*]]]
2024-11-24T23:25:42.691+07:00 DEBUG 21456 --- [HotelBooking] [http-nio-8080-exec-1] s.w.a.DelegatingAuthenticationEntryPoint : Match found! Executing org.springframework.security.web.authentication.LoginUrlAuthenticationEntryPoint@66ad7167
2024-11-24T23:25:42.691+07:00 DEBUG 21456 --- [HotelBooking] [http-nio-8080-exec-1] o.s.s.web.DefaultRedirectStrategy        : Redirecting to http://localhost:8080/login
2024-11-24T23:25:42.700+07:00 DEBUG 21456 --- [HotelBooking] [http-nio-8080-exec-3] o.s.security.web.FilterChainProxy        : Securing GET /login
2024-11-24T23:25:43.677+07:00 DEBUG 21456 --- [HotelBooking] [http-nio-8080-exec-10] o.s.security.web.FilterChainProxy        : Securing GET /favicon.ico
2024-11-24T23:25:43.678+07:00 DEBUG 21456 --- [HotelBooking] [http-nio-8080-exec-10] o.s.s.w.a.AnonymousAuthenticationFilter  : Set SecurityContextHolder to anonymous SecurityContext
2024-11-24T23:25:43.679+07:00 DEBUG 21456 --- [HotelBooking] [http-nio-8080-exec-10] s.w.a.DelegatingAuthenticationEntryPoint : Trying to match using And [Not [RequestHeaderRequestMatcher [expectedHeaderName=X-Requested-With, expectedHeaderValue=XMLHttpRequest]], MediaTypeRequestMatcher [contentNegotiationStrategy=org.springframework.web.accept.ContentNegotiationManager@2ffaa711, matchingMediaTypes=[application/xhtml+xml, image/*, text/html, text/plain], useEquals=false, ignoredMediaTypes=[*/*]]]
2024-11-24T23:25:43.680+07:00 DEBUG 21456 --- [HotelBooking] [http-nio-8080-exec-10] s.w.a.DelegatingAuthenticationEntryPoint : Match found! Executing org.springframework.security.web.authentication.LoginUrlAuthenticationEntryPoint@66ad7167
2024-11-24T23:25:43.680+07:00 DEBUG 21456 --- [HotelBooking] [http-nio-8080-exec-10] o.s.s.web.DefaultRedirectStrategy        : Redirecting to http://localhost:8080/login
2024-11-24T23:25:43.686+07:00 DEBUG 21456 --- [HotelBooking] [http-nio-8080-exec-6] o.s.security.web.FilterChainProxy        : Securing GET /login
2024-11-24T23:26:12.204+07:00  INFO 21456 --- [HotelBooking] [SpringApplicationShutdownHook] j.LocalContainerEntityManagerFactoryBean : Closing JPA EntityManagerFactory for persistence unit 'default'
2024-11-24T23:26:12.206+07:00  INFO 21456 --- [HotelBooking] [SpringApplicationShutdownHook] com.zaxxer.hikari.HikariDataSource       : HikariPool-1 - Shutdown initiated...
2024-11-24T23:26:12.211+07:00  INFO 21456 --- [HotelBooking] [SpringApplicationShutdownHook] com.zaxxer.hikari.HikariDataSource       : HikariPool-1 - Shutdown completed.
2024-11-24T23:26:14.193+07:00  INFO 22148 --- [HotelBooking] [main] c.H.H.HotelBookingApplication            : Starting HotelBookingApplication using Java 23.0.1 with PID 22148 (C:\Users\phuon\Downloads\HotelProject\Hotel_Booking_Server\target\classes started by phuon in C:\Users\phuon\Downloads\HotelProject\Hotel_Booking_Server)
2024-11-24T23:26:14.194+07:00  INFO 22148 --- [HotelBooking] [main] c.H.H.HotelBookingApplication            : No active profile set, falling back to 1 default profile: "default"
2024-11-24T23:26:14.741+07:00  INFO 22148 --- [HotelBooking] [main] .s.d.r.c.RepositoryConfigurationDelegate : Bootstrapping Spring Data JPA repositories in DEFAULT mode.
2024-11-24T23:26:14.779+07:00  INFO 22148 --- [HotelBooking] [main] .s.d.r.c.RepositoryConfigurationDelegate : Finished Spring Data repository scanning in 34 ms. Found 1 JPA repository interface.
2024-11-24T23:26:15.149+07:00  INFO 22148 --- [HotelBooking] [main] o.s.b.w.embedded.tomcat.TomcatWebServer  : Tomcat initialized with port 9090 (http)
2024-11-24T23:26:15.160+07:00  INFO 22148 --- [HotelBooking] [main] o.apache.catalina.core.StandardService   : Starting service [Tomcat]
2024-11-24T23:26:15.160+07:00  INFO 22148 --- [HotelBooking] [main] o.apache.catalina.core.StandardEngine    : Starting Servlet engine: [Apache Tomcat/10.1.33]
2024-11-24T23:26:15.198+07:00  INFO 22148 --- [HotelBooking] [main] o.a.c.c.C.[Tomcat].[localhost].[/]       : Initializing Spring embedded WebApplicationContext
2024-11-24T23:26:15.198+07:00  INFO 22148 --- [HotelBooking] [main] w.s.c.ServletWebServerApplicationContext : Root WebApplicationContext: initialization completed in 955 ms
2024-11-24T23:26:15.301+07:00  INFO 22148 --- [HotelBooking] [main] o.hibernate.jpa.internal.util.LogHelper  : HHH000204: Processing PersistenceUnitInfo [name: default]
2024-11-24T23:26:15.334+07:00  INFO 22148 --- [HotelBooking] [main] org.hibernate.Version                    : HHH000412: Hibernate ORM core version 6.5.3.Final
2024-11-24T23:26:15.355+07:00  INFO 22148 --- [HotelBooking] [main] o.h.c.internal.RegionFactoryInitiator    : HHH000026: Second-level cache disabled
2024-11-24T23:26:15.574+07:00  INFO 22148 --- [HotelBooking] [main] o.s.o.j.p.SpringPersistenceUnitInfo      : No LoadTimeWeaver setup: ignoring JPA class transformer
2024-11-24T23:26:15.595+07:00  INFO 22148 --- [HotelBooking] [main] com.zaxxer.hikari.HikariDataSource       : HikariPool-1 - Starting...
2024-11-24T23:26:15.866+07:00  INFO 22148 --- [HotelBooking] [main] com.zaxxer.hikari.pool.HikariPool        : HikariPool-1 - Added connection com.mysql.cj.jdbc.ConnectionImpl@30228de7
2024-11-24T23:26:15.868+07:00  INFO 22148 --- [HotelBooking] [main] com.zaxxer.hikari.HikariDataSource       : HikariPool-1 - Start completed.
2024-11-24T23:26:16.483+07:00  INFO 22148 --- [HotelBooking] [main] o.h.e.t.j.p.i.JtaPlatformInitiator       : HHH000489: No JTA platform available (set 'hibernate.transaction.jta.platform' to enable JTA platform integration)
2024-11-24T23:26:16.518+07:00  INFO 22148 --- [HotelBooking] [main] j.LocalContainerEntityManagerFactoryBean : Initialized JPA EntityManagerFactory for persistence unit 'default'
2024-11-24T23:26:17.015+07:00  WARN 22148 --- [HotelBooking] [main] JpaBaseConfiguration$JpaWebConfiguration : spring.jpa.open-in-view is enabled by default. Therefore, database queries may be performed during view rendering. Explicitly configure spring.jpa.open-in-view to disable this warning
2024-11-24T23:26:17.028+07:00  WARN 22148 --- [HotelBooking] [main] .s.s.UserDetailsServiceAutoConfiguration : 

Using generated security password: ba1553ee-dc24-4264-8da2-ffbd3e315b94

This generated password is for development use only. Your security configuration must be updated before running your application in production.

2024-11-24T23:26:17.040+07:00  INFO 22148 --- [HotelBooking] [main] r$InitializeUserDetailsManagerConfigurer : Global AuthenticationManager configured with UserDetailsService bean with name inMemoryUserDetailsManager
2024-11-24T23:26:17.221+07:00 DEBUG 22148 --- [HotelBooking] [main] o.s.s.web.DefaultSecurityFilterChain     : Will secure any request with filters: DisableEncodeUrlFilter, WebAsyncManagerIntegrationFilter, SecurityContextHolderFilter, HeaderWriterFilter, CsrfFilter, LogoutFilter, UsernamePasswordAuthenticationFilter, DefaultLoginPageGeneratingFilter, DefaultLogoutPageGeneratingFilter, BasicAuthenticationFilter, RequestCacheAwareFilter, SecurityContextHolderAwareRequestFilter, AnonymousAuthenticationFilter, ExceptionTranslationFilter, AuthorizationFilter
2024-11-24T23:26:17.382+07:00  INFO 22148 --- [HotelBooking] [main] o.s.b.w.embedded.tomcat.TomcatWebServer  : Tomcat started on port 9090 (http) with context path '/'
2024-11-24T23:26:17.388+07:00  INFO 22148 --- [HotelBooking] [main] c.H.H.HotelBookingApplication            : Started HotelBookingApplication in 3.539 seconds (process running for 4.133)
2024-11-24T23:26:19.026+07:00  INFO 22148 --- [HotelBooking] [http-nio-9090-exec-1] o.a.c.c.C.[Tomcat].[localhost].[/]       : Initializing Spring DispatcherServlet 'dispatcherServlet'
2024-11-24T23:26:19.026+07:00  INFO 22148 --- [HotelBooking] [http-nio-9090-exec-1] o.s.web.servlet.DispatcherServlet        : Initializing Servlet 'dispatcherServlet'
2024-11-24T23:26:19.027+07:00  INFO 22148 --- [HotelBooking] [http-nio-9090-exec-1] o.s.web.servlet.DispatcherServlet        : Completed initialization in 1 ms
2024-11-24T23:26:19.038+07:00 DEBUG 22148 --- [HotelBooking] [http-nio-9090-exec-1] o.s.security.web.FilterChainProxy        : Securing POST /api/auth/signup
2024-11-24T23:26:19.051+07:00 DEBUG 22148 --- [HotelBooking] [http-nio-9090-exec-1] o.s.security.web.csrf.CsrfFilter         : Invalid CSRF token found for http://localhost:9090/api/auth/signup
2024-11-24T23:26:19.051+07:00 DEBUG 22148 --- [HotelBooking] [http-nio-9090-exec-1] o.s.s.w.access.AccessDeniedHandlerImpl   : Responding with 403 status code
2024-11-24T23:26:19.056+07:00 DEBUG 22148 --- [HotelBooking] [http-nio-9090-exec-1] o.s.security.web.FilterChainProxy        : Securing POST /error
2024-11-24T23:26:19.057+07:00 DEBUG 22148 --- [HotelBooking] [http-nio-9090-exec-1] o.s.s.w.a.AnonymousAuthenticationFilter  : Set SecurityContextHolder to anonymous SecurityContext
2024-11-24T23:26:19.062+07:00 DEBUG 22148 --- [HotelBooking] [http-nio-9090-exec-1] s.w.a.DelegatingAuthenticationEntryPoint : Trying to match using And [Not [RequestHeaderRequestMatcher [expectedHeaderName=X-Requested-With, expectedHeaderValue=XMLHttpRequest]], MediaTypeRequestMatcher [contentNegotiationStrategy=org.springframework.web.accept.ContentNegotiationManager@6c0bf8f4, matchingMediaTypes=[application/xhtml+xml, image/*, text/html, text/plain], useEquals=false, ignoredMediaTypes=[*/*]]]
2024-11-24T23:26:19.063+07:00 DEBUG 22148 --- [HotelBooking] [http-nio-9090-exec-1] s.w.a.DelegatingAuthenticationEntryPoint : Trying to match using Or [RequestHeaderRequestMatcher [expectedHeaderName=X-Requested-With, expectedHeaderValue=XMLHttpRequest], And [Not [MediaTypeRequestMatcher [contentNegotiationStrategy=org.springframework.web.accept.ContentNegotiationManager@6c0bf8f4, matchingMediaTypes=[text/html], useEquals=false, ignoredMediaTypes=[]]], MediaTypeRequestMatcher [contentNegotiationStrategy=org.springframework.web.accept.ContentNegotiationManager@6c0bf8f4, matchingMediaTypes=[application/atom+xml, application/x-www-form-urlencoded, application/json, application/octet-stream, application/xml, multipart/form-data, text/xml], useEquals=false, ignoredMediaTypes=[*/*]]], MediaTypeRequestMatcher [contentNegotiationStrategy=org.springframework.web.accept.ContentNegotiationManager@6c0bf8f4, matchingMediaTypes=[*/*], useEquals=true, ignoredMediaTypes=[]]]
2024-11-24T23:26:19.064+07:00 DEBUG 22148 --- [HotelBooking] [http-nio-9090-exec-1] s.w.a.DelegatingAuthenticationEntryPoint : Match found! Executing org.springframework.security.web.authentication.DelegatingAuthenticationEntryPoint@14c7ab73
2024-11-24T23:26:19.064+07:00 DEBUG 22148 --- [HotelBooking] [http-nio-9090-exec-1] s.w.a.DelegatingAuthenticationEntryPoint : Trying to match using RequestHeaderRequestMatcher [expectedHeaderName=X-Requested-With, expectedHeaderValue=XMLHttpRequest]
2024-11-24T23:26:19.064+07:00 DEBUG 22148 --- [HotelBooking] [http-nio-9090-exec-1] s.w.a.DelegatingAuthenticationEntryPoint : No match found. Using default entry point org.springframework.security.web.authentication.www.BasicAuthenticationEntryPoint@35152fc8
2024-11-24T23:26:31.769+07:00 DEBUG 22148 --- [HotelBooking] [http-nio-9090-exec-3] o.s.security.web.FilterChainProxy        : Securing GET /
2024-11-24T23:26:31.769+07:00 DEBUG 22148 --- [HotelBooking] [http-nio-9090-exec-3] o.s.s.w.a.AnonymousAuthenticationFilter  : Set SecurityContextHolder to anonymous SecurityContext
2024-11-24T23:26:31.776+07:00 DEBUG 22148 --- [HotelBooking] [http-nio-9090-exec-3] o.s.s.w.s.HttpSessionRequestCache        : Saved request http://localhost:9090/?continue to session
2024-11-24T23:26:31.776+07:00 DEBUG 22148 --- [HotelBooking] [http-nio-9090-exec-3] s.w.a.DelegatingAuthenticationEntryPoint : Trying to match using And [Not [RequestHeaderRequestMatcher [expectedHeaderName=X-Requested-With, expectedHeaderValue=XMLHttpRequest]], MediaTypeRequestMatcher [contentNegotiationStrategy=org.springframework.web.accept.ContentNegotiationManager@6c0bf8f4, matchingMediaTypes=[application/xhtml+xml, image/*, text/html, text/plain], useEquals=false, ignoredMediaTypes=[*/*]]]
2024-11-24T23:26:31.776+07:00 DEBUG 22148 --- [HotelBooking] [http-nio-9090-exec-3] s.w.a.DelegatingAuthenticationEntryPoint : Match found! Executing org.springframework.security.web.authentication.LoginUrlAuthenticationEntryPoint@24f8707c
2024-11-24T23:26:31.777+07:00 DEBUG 22148 --- [HotelBooking] [http-nio-9090-exec-3] o.s.s.web.DefaultRedirectStrategy        : Redirecting to http://localhost:9090/login
2024-11-24T23:26:31.783+07:00 DEBUG 22148 --- [HotelBooking] [http-nio-9090-exec-4] o.s.security.web.FilterChainProxy        : Securing GET /login
2024-11-24T23:26:31.930+07:00 DEBUG 22148 --- [HotelBooking] [http-nio-9090-exec-5] o.s.security.web.FilterChainProxy        : Securing GET /favicon.ico
2024-11-24T23:26:31.931+07:00 DEBUG 22148 --- [HotelBooking] [http-nio-9090-exec-5] o.s.s.w.a.AnonymousAuthenticationFilter  : Set SecurityContextHolder to anonymous SecurityContext
2024-11-24T23:26:31.931+07:00 DEBUG 22148 --- [HotelBooking] [http-nio-9090-exec-5] s.w.a.DelegatingAuthenticationEntryPoint : Trying to match using And [Not [RequestHeaderRequestMatcher [expectedHeaderName=X-Requested-With, expectedHeaderValue=XMLHttpRequest]], MediaTypeRequestMatcher [contentNegotiationStrategy=org.springframework.web.accept.ContentNegotiationManager@6c0bf8f4, matchingMediaTypes=[application/xhtml+xml, image/*, text/html, text/plain], useEquals=false, ignoredMediaTypes=[*/*]]]
2024-11-24T23:26:31.931+07:00 DEBUG 22148 --- [HotelBooking] [http-nio-9090-exec-5] s.w.a.DelegatingAuthenticationEntryPoint : Match found! Executing org.springframework.security.web.authentication.LoginUrlAuthenticationEntryPoint@24f8707c
2024-11-24T23:26:31.931+07:00 DEBUG 22148 --- [HotelBooking] [http-nio-9090-exec-5] o.s.s.web.DefaultRedirectStrategy        : Redirecting to http://localhost:9090/login
2024-11-24T23:26:31.935+07:00 DEBUG 22148 --- [HotelBooking] [http-nio-9090-exec-6] o.s.security.web.FilterChainProxy        : Securing GET /login
2024-11-24T23:26:38.907+07:00 DEBUG 22148 --- [HotelBooking] [http-nio-9090-exec-7] o.s.security.web.FilterChainProxy        : Securing POST /login
2024-11-24T23:26:39.055+07:00 DEBUG 22148 --- [HotelBooking] [http-nio-9090-exec-7] o.s.s.a.dao.DaoAuthenticationProvider    : Failed to find user 'admin'
2024-11-24T23:26:39.057+07:00 DEBUG 22148 --- [HotelBooking] [http-nio-9090-exec-7] o.s.s.web.DefaultRedirectStrategy        : Redirecting to /login?error
2024-11-24T23:26:39.061+07:00 DEBUG 22148 --- [HotelBooking] [http-nio-9090-exec-8] o.s.security.web.FilterChainProxy        : Securing GET /login?error
2024-11-24T23:26:39.142+07:00 DEBUG 22148 --- [HotelBooking] [http-nio-9090-exec-9] o.s.security.web.FilterChainProxy        : Securing GET /favicon.ico
2024-11-24T23:26:39.143+07:00 DEBUG 22148 --- [HotelBooking] [http-nio-9090-exec-9] o.s.s.w.a.AnonymousAuthenticationFilter  : Set SecurityContextHolder to anonymous SecurityContext
2024-11-24T23:26:39.143+07:00 DEBUG 22148 --- [HotelBooking] [http-nio-9090-exec-9] s.w.a.DelegatingAuthenticationEntryPoint : Trying to match using And [Not [RequestHeaderRequestMatcher [expectedHeaderName=X-Requested-With, expectedHeaderValue=XMLHttpRequest]], MediaTypeRequestMatcher [contentNegotiationStrategy=org.springframework.web.accept.ContentNegotiationManager@6c0bf8f4, matchingMediaTypes=[application/xhtml+xml, image/*, text/html, text/plain], useEquals=false, ignoredMediaTypes=[*/*]]]
2024-11-24T23:26:39.143+07:00 DEBUG 22148 --- [HotelBooking] [http-nio-9090-exec-9] s.w.a.DelegatingAuthenticationEntryPoint : Match found! Executing org.springframework.security.web.authentication.LoginUrlAuthenticationEntryPoint@24f8707c
2024-11-24T23:26:39.143+07:00 DEBUG 22148 --- [HotelBooking] [http-nio-9090-exec-9] o.s.s.web.DefaultRedirectStrategy        : Redirecting to http://localhost:9090/login
2024-11-24T23:26:39.148+07:00 DEBUG 22148 --- [HotelBooking] [http-nio-9090-exec-10] o.s.security.web.FilterChainProxy        : Securing GET /login
2024-11-24T23:27:15.475+07:00 DEBUG 22148 --- [HotelBooking] [http-nio-9090-exec-2] o.s.security.web.FilterChainProxy        : Securing POST /login
2024-11-24T23:27:15.549+07:00 DEBUG 22148 --- [HotelBooking] [http-nio-9090-exec-2] o.s.s.a.dao.DaoAuthenticationProvider    : Failed to find user 'admin@test.com'
2024-11-24T23:27:15.549+07:00 DEBUG 22148 --- [HotelBooking] [http-nio-9090-exec-2] o.s.s.web.DefaultRedirectStrategy        : Redirecting to /login?error
2024-11-24T23:27:15.553+07:00 DEBUG 22148 --- [HotelBooking] [http-nio-9090-exec-1] o.s.security.web.FilterChainProxy        : Securing GET /login?error
2024-11-24T23:27:15.624+07:00 DEBUG 22148 --- [HotelBooking] [http-nio-9090-exec-3] o.s.security.web.FilterChainProxy        : Securing GET /favicon.ico
2024-11-24T23:27:15.624+07:00 DEBUG 22148 --- [HotelBooking] [http-nio-9090-exec-3] o.s.s.w.a.AnonymousAuthenticationFilter  : Set SecurityContextHolder to anonymous SecurityContext
2024-11-24T23:27:15.625+07:00 DEBUG 22148 --- [HotelBooking] [http-nio-9090-exec-3] s.w.a.DelegatingAuthenticationEntryPoint : Trying to match using And [Not [RequestHeaderRequestMatcher [expectedHeaderName=X-Requested-With, expectedHeaderValue=XMLHttpRequest]], MediaTypeRequestMatcher [contentNegotiationStrategy=org.springframework.web.accept.ContentNegotiationManager@6c0bf8f4, matchingMediaTypes=[application/xhtml+xml, image/*, text/html, text/plain], useEquals=false, ignoredMediaTypes=[*/*]]]
2024-11-24T23:27:15.625+07:00 DEBUG 22148 --- [HotelBooking] [http-nio-9090-exec-3] s.w.a.DelegatingAuthenticationEntryPoint : Match found! Executing org.springframework.security.web.authentication.LoginUrlAuthenticationEntryPoint@24f8707c
2024-11-24T23:27:15.625+07:00 DEBUG 22148 --- [HotelBooking] [http-nio-9090-exec-3] o.s.s.web.DefaultRedirectStrategy        : Redirecting to http://localhost:9090/login
2024-11-24T23:27:15.628+07:00 DEBUG 22148 --- [HotelBooking] [http-nio-9090-exec-4] o.s.security.web.FilterChainProxy        : Securing GET /login
2024-11-24T23:27:49.492+07:00 DEBUG 22148 --- [HotelBooking] [http-nio-9090-exec-8] o.s.security.web.FilterChainProxy        : Securing POST /api/auth/signup
2024-11-24T23:27:49.492+07:00 DEBUG 22148 --- [HotelBooking] [http-nio-9090-exec-8] o.s.security.web.csrf.CsrfFilter         : Invalid CSRF token found for http://localhost:9090/api/auth/signup
2024-11-24T23:27:49.492+07:00 DEBUG 22148 --- [HotelBooking] [http-nio-9090-exec-8] o.s.s.w.access.AccessDeniedHandlerImpl   : Responding with 403 status code
2024-11-24T23:27:49.493+07:00 DEBUG 22148 --- [HotelBooking] [http-nio-9090-exec-8] o.s.security.web.FilterChainProxy        : Securing POST /error
2024-11-24T23:27:49.493+07:00 DEBUG 22148 --- [HotelBooking] [http-nio-9090-exec-8] o.s.s.w.a.AnonymousAuthenticationFilter  : Set SecurityContextHolder to anonymous SecurityContext
2024-11-24T23:27:49.493+07:00 DEBUG 22148 --- [HotelBooking] [http-nio-9090-exec-8] s.w.a.DelegatingAuthenticationEntryPoint : Trying to match using And [Not [RequestHeaderRequestMatcher [expectedHeaderName=X-Requested-With, expectedHeaderValue=XMLHttpRequest]], MediaTypeRequestMatcher [contentNegotiationStrategy=org.springframework.web.accept.ContentNegotiationManager@6c0bf8f4, matchingMediaTypes=[application/xhtml+xml, image/*, text/html, text/plain], useEquals=false, ignoredMediaTypes=[*/*]]]
2024-11-24T23:27:49.493+07:00 DEBUG 22148 --- [HotelBooking] [http-nio-9090-exec-8] s.w.a.DelegatingAuthenticationEntryPoint : Trying to match using Or [RequestHeaderRequestMatcher [expectedHeaderName=X-Requested-With, expectedHeaderValue=XMLHttpRequest], And [Not [MediaTypeRequestMatcher [contentNegotiationStrategy=org.springframework.web.accept.ContentNegotiationManager@6c0bf8f4, matchingMediaTypes=[text/html], useEquals=false, ignoredMediaTypes=[]]], MediaTypeRequestMatcher [contentNegotiationStrategy=org.springframework.web.accept.ContentNegotiationManager@6c0bf8f4, matchingMediaTypes=[application/atom+xml, application/x-www-form-urlencoded, application/json, application/octet-stream, application/xml, multipart/form-data, text/xml], useEquals=false, ignoredMediaTypes=[*/*]]], MediaTypeRequestMatcher [contentNegotiationStrategy=org.springframework.web.accept.ContentNegotiationManager@6c0bf8f4, matchingMediaTypes=[*/*], useEquals=true, ignoredMediaTypes=[]]]
2024-11-24T23:27:49.493+07:00 DEBUG 22148 --- [HotelBooking] [http-nio-9090-exec-8] s.w.a.DelegatingAuthenticationEntryPoint : Match found! Executing org.springframework.security.web.authentication.DelegatingAuthenticationEntryPoint@14c7ab73
2024-11-24T23:27:49.493+07:00 DEBUG 22148 --- [HotelBooking] [http-nio-9090-exec-8] s.w.a.DelegatingAuthenticationEntryPoint : Trying to match using RequestHeaderRequestMatcher [expectedHeaderName=X-Requested-With, expectedHeaderValue=XMLHttpRequest]
2024-11-24T23:27:49.493+07:00 DEBUG 22148 --- [HotelBooking] [http-nio-9090-exec-8] s.w.a.DelegatingAuthenticationEntryPoint : No match found. Using default entry point org.springframework.security.web.authentication.www.BasicAuthenticationEntryPoint@35152fc8
2024-11-24T23:27:50.743+07:00 DEBUG 22148 --- [HotelBooking] [http-nio-9090-exec-9] o.s.security.web.FilterChainProxy        : Securing POST /api/auth/signup
2024-11-24T23:27:50.743+07:00 DEBUG 22148 --- [HotelBooking] [http-nio-9090-exec-9] o.s.security.web.csrf.CsrfFilter         : Invalid CSRF token found for http://localhost:9090/api/auth/signup
2024-11-24T23:27:50.743+07:00 DEBUG 22148 --- [HotelBooking] [http-nio-9090-exec-9] o.s.s.w.access.AccessDeniedHandlerImpl   : Responding with 403 status code
2024-11-24T23:27:50.744+07:00 DEBUG 22148 --- [HotelBooking] [http-nio-9090-exec-9] o.s.security.web.FilterChainProxy        : Securing POST /error
2024-11-24T23:27:50.744+07:00 DEBUG 22148 --- [HotelBooking] [http-nio-9090-exec-9] o.s.s.w.a.AnonymousAuthenticationFilter  : Set SecurityContextHolder to anonymous SecurityContext
2024-11-24T23:27:50.744+07:00 DEBUG 22148 --- [HotelBooking] [http-nio-9090-exec-9] s.w.a.DelegatingAuthenticationEntryPoint : Trying to match using And [Not [RequestHeaderRequestMatcher [expectedHeaderName=X-Requested-With, expectedHeaderValue=XMLHttpRequest]], MediaTypeRequestMatcher [contentNegotiationStrategy=org.springframework.web.accept.ContentNegotiationManager@6c0bf8f4, matchingMediaTypes=[application/xhtml+xml, image/*, text/html, text/plain], useEquals=false, ignoredMediaTypes=[*/*]]]
2024-11-24T23:27:50.744+07:00 DEBUG 22148 --- [HotelBooking] [http-nio-9090-exec-9] s.w.a.DelegatingAuthenticationEntryPoint : Trying to match using Or [RequestHeaderRequestMatcher [expectedHeaderName=X-Requested-With, expectedHeaderValue=XMLHttpRequest], And [Not [MediaTypeRequestMatcher [contentNegotiationStrategy=org.springframework.web.accept.ContentNegotiationManager@6c0bf8f4, matchingMediaTypes=[text/html], useEquals=false, ignoredMediaTypes=[]]], MediaTypeRequestMatcher [contentNegotiationStrategy=org.springframework.web.accept.ContentNegotiationManager@6c0bf8f4, matchingMediaTypes=[application/atom+xml, application/x-www-form-urlencoded, application/json, application/octet-stream, application/xml, multipart/form-data, text/xml], useEquals=false, ignoredMediaTypes=[*/*]]], MediaTypeRequestMatcher [contentNegotiationStrategy=org.springframework.web.accept.ContentNegotiationManager@6c0bf8f4, matchingMediaTypes=[*/*], useEquals=true, ignoredMediaTypes=[]]]
2024-11-24T23:27:50.744+07:00 DEBUG 22148 --- [HotelBooking] [http-nio-9090-exec-9] s.w.a.DelegatingAuthenticationEntryPoint : Match found! Executing org.springframework.security.web.authentication.DelegatingAuthenticationEntryPoint@14c7ab73
2024-11-24T23:27:50.744+07:00 DEBUG 22148 --- [HotelBooking] [http-nio-9090-exec-9] s.w.a.DelegatingAuthenticationEntryPoint : Trying to match using RequestHeaderRequestMatcher [expectedHeaderName=X-Requested-With, expectedHeaderValue=XMLHttpRequest]
2024-11-24T23:27:50.745+07:00 DEBUG 22148 --- [HotelBooking] [http-nio-9090-exec-9] s.w.a.DelegatingAuthenticationEntryPoint : No match found. Using default entry point org.springframework.security.web.authentication.www.BasicAuthenticationEntryPoint@35152fc8
2024-11-24T23:27:51.454+07:00 DEBUG 22148 --- [HotelBooking] [http-nio-9090-exec-10] o.s.security.web.FilterChainProxy        : Securing POST /api/auth/signup
2024-11-24T23:27:51.455+07:00 DEBUG 22148 --- [HotelBooking] [http-nio-9090-exec-10] o.s.security.web.csrf.CsrfFilter         : Invalid CSRF token found for http://localhost:9090/api/auth/signup
2024-11-24T23:27:51.455+07:00 DEBUG 22148 --- [HotelBooking] [http-nio-9090-exec-10] o.s.s.w.access.AccessDeniedHandlerImpl   : Responding with 403 status code
2024-11-24T23:27:51.455+07:00 DEBUG 22148 --- [HotelBooking] [http-nio-9090-exec-10] o.s.security.web.FilterChainProxy        : Securing POST /error
2024-11-24T23:27:51.455+07:00 DEBUG 22148 --- [HotelBooking] [http-nio-9090-exec-10] o.s.s.w.a.AnonymousAuthenticationFilter  : Set SecurityContextHolder to anonymous SecurityContext
2024-11-24T23:27:51.456+07:00 DEBUG 22148 --- [HotelBooking] [http-nio-9090-exec-10] s.w.a.DelegatingAuthenticationEntryPoint : Trying to match using And [Not [RequestHeaderRequestMatcher [expectedHeaderName=X-Requested-With, expectedHeaderValue=XMLHttpRequest]], MediaTypeRequestMatcher [contentNegotiationStrategy=org.springframework.web.accept.ContentNegotiationManager@6c0bf8f4, matchingMediaTypes=[application/xhtml+xml, image/*, text/html, text/plain], useEquals=false, ignoredMediaTypes=[*/*]]]
2024-11-24T23:27:51.456+07:00 DEBUG 22148 --- [HotelBooking] [http-nio-9090-exec-10] s.w.a.DelegatingAuthenticationEntryPoint : Trying to match using Or [RequestHeaderRequestMatcher [expectedHeaderName=X-Requested-With, expectedHeaderValue=XMLHttpRequest], And [Not [MediaTypeRequestMatcher [contentNegotiationStrategy=org.springframework.web.accept.ContentNegotiationManager@6c0bf8f4, matchingMediaTypes=[text/html], useEquals=false, ignoredMediaTypes=[]]], MediaTypeRequestMatcher [contentNegotiationStrategy=org.springframework.web.accept.ContentNegotiationManager@6c0bf8f4, matchingMediaTypes=[application/atom+xml, application/x-www-form-urlencoded, application/json, application/octet-stream, application/xml, multipart/form-data, text/xml], useEquals=false, ignoredMediaTypes=[*/*]]], MediaTypeRequestMatcher [contentNegotiationStrategy=org.springframework.web.accept.ContentNegotiationManager@6c0bf8f4, matchingMediaTypes=[*/*], useEquals=true, ignoredMediaTypes=[]]]
2024-11-24T23:27:51.456+07:00 DEBUG 22148 --- [HotelBooking] [http-nio-9090-exec-10] s.w.a.DelegatingAuthenticationEntryPoint : Match found! Executing org.springframework.security.web.authentication.DelegatingAuthenticationEntryPoint@14c7ab73
2024-11-24T23:27:51.456+07:00 DEBUG 22148 --- [HotelBooking] [http-nio-9090-exec-10] s.w.a.DelegatingAuthenticationEntryPoint : Trying to match using RequestHeaderRequestMatcher [expectedHeaderName=X-Requested-With, expectedHeaderValue=XMLHttpRequest]
2024-11-24T23:27:51.456+07:00 DEBUG 22148 --- [HotelBooking] [http-nio-9090-exec-10] s.w.a.DelegatingAuthenticationEntryPoint : No match found. Using default entry point org.springframework.security.web.authentication.www.BasicAuthenticationEntryPoint@35152fc8
2024-11-24T23:27:59.687+07:00 DEBUG 22148 --- [HotelBooking] [http-nio-9090-exec-2] o.s.security.web.FilterChainProxy        : Securing POST /api/auth/signup
2024-11-24T23:27:59.687+07:00 DEBUG 22148 --- [HotelBooking] [http-nio-9090-exec-2] o.s.security.web.csrf.CsrfFilter         : Invalid CSRF token found for http://localhost:9090/api/auth/signup
2024-11-24T23:27:59.687+07:00 DEBUG 22148 --- [HotelBooking] [http-nio-9090-exec-2] o.s.s.w.access.AccessDeniedHandlerImpl   : Responding with 403 status code
2024-11-24T23:27:59.688+07:00 DEBUG 22148 --- [HotelBooking] [http-nio-9090-exec-2] o.s.security.web.FilterChainProxy        : Securing POST /error
2024-11-24T23:27:59.688+07:00 DEBUG 22148 --- [HotelBooking] [http-nio-9090-exec-2] o.s.s.w.a.AnonymousAuthenticationFilter  : Set SecurityContextHolder to anonymous SecurityContext
2024-11-24T23:27:59.688+07:00 DEBUG 22148 --- [HotelBooking] [http-nio-9090-exec-2] s.w.a.DelegatingAuthenticationEntryPoint : Trying to match using And [Not [RequestHeaderRequestMatcher [expectedHeaderName=X-Requested-With, expectedHeaderValue=XMLHttpRequest]], MediaTypeRequestMatcher [contentNegotiationStrategy=org.springframework.web.accept.ContentNegotiationManager@6c0bf8f4, matchingMediaTypes=[application/xhtml+xml, image/*, text/html, text/plain], useEquals=false, ignoredMediaTypes=[*/*]]]
2024-11-24T23:27:59.688+07:00 DEBUG 22148 --- [HotelBooking] [http-nio-9090-exec-2] s.w.a.DelegatingAuthenticationEntryPoint : Trying to match using Or [RequestHeaderRequestMatcher [expectedHeaderName=X-Requested-With, expectedHeaderValue=XMLHttpRequest], And [Not [MediaTypeRequestMatcher [contentNegotiationStrategy=org.springframework.web.accept.ContentNegotiationManager@6c0bf8f4, matchingMediaTypes=[text/html], useEquals=false, ignoredMediaTypes=[]]], MediaTypeRequestMatcher [contentNegotiationStrategy=org.springframework.web.accept.ContentNegotiationManager@6c0bf8f4, matchingMediaTypes=[application/atom+xml, application/x-www-form-urlencoded, application/json, application/octet-stream, application/xml, multipart/form-data, text/xml], useEquals=false, ignoredMediaTypes=[*/*]]], MediaTypeRequestMatcher [contentNegotiationStrategy=org.springframework.web.accept.ContentNegotiationManager@6c0bf8f4, matchingMediaTypes=[*/*], useEquals=true, ignoredMediaTypes=[]]]
2024-11-24T23:27:59.688+07:00 DEBUG 22148 --- [HotelBooking] [http-nio-9090-exec-2] s.w.a.DelegatingAuthenticationEntryPoint : Match found! Executing org.springframework.security.web.authentication.DelegatingAuthenticationEntryPoint@14c7ab73
2024-11-24T23:27:59.688+07:00 DEBUG 22148 --- [HotelBooking] [http-nio-9090-exec-2] s.w.a.DelegatingAuthenticationEntryPoint : Trying to match using RequestHeaderRequestMatcher [expectedHeaderName=X-Requested-With, expectedHeaderValue=XMLHttpRequest]
2024-11-24T23:27:59.688+07:00 DEBUG 22148 --- [HotelBooking] [http-nio-9090-exec-2] s.w.a.DelegatingAuthenticationEntryPoint : No match found. Using default entry point org.springframework.security.web.authentication.www.BasicAuthenticationEntryPoint@35152fc8
2024-11-24T23:28:38.065+07:00  INFO 22148 --- [HotelBooking] [SpringApplicationShutdownHook] j.LocalContainerEntityManagerFactoryBean : Closing JPA EntityManagerFactory for persistence unit 'default'
2024-11-24T23:28:38.066+07:00  INFO 22148 --- [HotelBooking] [SpringApplicationShutdownHook] com.zaxxer.hikari.HikariDataSource       : HikariPool-1 - Shutdown initiated...
2024-11-24T23:28:38.071+07:00  INFO 22148 --- [HotelBooking] [SpringApplicationShutdownHook] com.zaxxer.hikari.HikariDataSource       : HikariPool-1 - Shutdown completed.
2024-11-24T23:28:40.422+07:00  INFO 11648 --- [HotelBooking] [main] c.H.H.HotelBookingApplication            : Starting HotelBookingApplication using Java 23.0.1 with PID 11648 (C:\Users\phuon\Downloads\HotelProject\Hotel_Booking_Server\target\classes started by phuon in C:\Users\phuon\Downloads\HotelProject\Hotel_Booking_Server)
2024-11-24T23:28:40.425+07:00  INFO 11648 --- [HotelBooking] [main] c.H.H.HotelBookingApplication            : No active profile set, falling back to 1 default profile: "default"
2024-11-24T23:28:40.959+07:00  INFO 11648 --- [HotelBooking] [main] .s.d.r.c.RepositoryConfigurationDelegate : Bootstrapping Spring Data JPA repositories in DEFAULT mode.
2024-11-24T23:28:41.007+07:00  INFO 11648 --- [HotelBooking] [main] .s.d.r.c.RepositoryConfigurationDelegate : Finished Spring Data repository scanning in 42 ms. Found 1 JPA repository interface.
2024-11-24T23:28:41.385+07:00  INFO 11648 --- [HotelBooking] [main] o.s.b.w.embedded.tomcat.TomcatWebServer  : Tomcat initialized with port 8080 (http)
2024-11-24T23:28:41.395+07:00  INFO 11648 --- [HotelBooking] [main] o.apache.catalina.core.StandardService   : Starting service [Tomcat]
2024-11-24T23:28:41.396+07:00  INFO 11648 --- [HotelBooking] [main] o.apache.catalina.core.StandardEngine    : Starting Servlet engine: [Apache Tomcat/10.1.33]
2024-11-24T23:28:41.435+07:00  INFO 11648 --- [HotelBooking] [main] o.a.c.c.C.[Tomcat].[localhost].[/]       : Initializing Spring embedded WebApplicationContext
2024-11-24T23:28:41.435+07:00  INFO 11648 --- [HotelBooking] [main] w.s.c.ServletWebServerApplicationContext : Root WebApplicationContext: initialization completed in 964 ms
2024-11-24T23:28:41.559+07:00  INFO 11648 --- [HotelBooking] [main] o.hibernate.jpa.internal.util.LogHelper  : HHH000204: Processing PersistenceUnitInfo [name: default]
2024-11-24T23:28:41.597+07:00  INFO 11648 --- [HotelBooking] [main] org.hibernate.Version                    : HHH000412: Hibernate ORM core version 6.5.3.Final
2024-11-24T23:28:41.621+07:00  INFO 11648 --- [HotelBooking] [main] o.h.c.internal.RegionFactoryInitiator    : HHH000026: Second-level cache disabled
2024-11-24T23:28:41.860+07:00  INFO 11648 --- [HotelBooking] [main] o.s.o.j.p.SpringPersistenceUnitInfo      : No LoadTimeWeaver setup: ignoring JPA class transformer
2024-11-24T23:28:41.883+07:00  INFO 11648 --- [HotelBooking] [main] com.zaxxer.hikari.HikariDataSource       : HikariPool-1 - Starting...
2024-11-24T23:28:42.230+07:00  INFO 11648 --- [HotelBooking] [main] com.zaxxer.hikari.pool.HikariPool        : HikariPool-1 - Added connection com.mysql.cj.jdbc.ConnectionImpl@2e159116
2024-11-24T23:28:42.232+07:00  INFO 11648 --- [HotelBooking] [main] com.zaxxer.hikari.HikariDataSource       : HikariPool-1 - Start completed.
2024-11-24T23:28:42.851+07:00  INFO 11648 --- [HotelBooking] [main] o.h.e.t.j.p.i.JtaPlatformInitiator       : HHH000489: No JTA platform available (set 'hibernate.transaction.jta.platform' to enable JTA platform integration)
2024-11-24T23:28:42.884+07:00  INFO 11648 --- [HotelBooking] [main] j.LocalContainerEntityManagerFactoryBean : Initialized JPA EntityManagerFactory for persistence unit 'default'
2024-11-24T23:28:43.359+07:00  WARN 11648 --- [HotelBooking] [main] JpaBaseConfiguration$JpaWebConfiguration : spring.jpa.open-in-view is enabled by default. Therefore, database queries may be performed during view rendering. Explicitly configure spring.jpa.open-in-view to disable this warning
2024-11-24T23:28:43.371+07:00  WARN 11648 --- [HotelBooking] [main] .s.s.UserDetailsServiceAutoConfiguration : 

Using generated security password: a6feb21b-96dc-4223-b0a5-1331be0a006a

This generated password is for development use only. Your security configuration must be updated before running your application in production.

2024-11-24T23:28:43.382+07:00  INFO 11648 --- [HotelBooking] [main] r$InitializeUserDetailsManagerConfigurer : Global AuthenticationManager configured with UserDetailsService bean with name inMemoryUserDetailsManager
2024-11-24T23:28:43.561+07:00 DEBUG 11648 --- [HotelBooking] [main] o.s.s.web.DefaultSecurityFilterChain     : Will secure any request with filters: DisableEncodeUrlFilter, WebAsyncManagerIntegrationFilter, SecurityContextHolderFilter, HeaderWriterFilter, CsrfFilter, LogoutFilter, UsernamePasswordAuthenticationFilter, DefaultLoginPageGeneratingFilter, DefaultLogoutPageGeneratingFilter, BasicAuthenticationFilter, RequestCacheAwareFilter, SecurityContextHolderAwareRequestFilter, AnonymousAuthenticationFilter, ExceptionTranslationFilter, AuthorizationFilter
2024-11-24T23:28:43.730+07:00  INFO 11648 --- [HotelBooking] [main] o.s.b.w.embedded.tomcat.TomcatWebServer  : Tomcat started on port 8080 (http) with context path '/'
2024-11-24T23:28:43.737+07:00  INFO 11648 --- [HotelBooking] [main] c.H.H.HotelBookingApplication            : Started HotelBookingApplication in 3.635 seconds (process running for 4.194)
2024-11-24T23:28:51.711+07:00  INFO 11648 --- [HotelBooking] [http-nio-8080-exec-2] o.a.c.c.C.[Tomcat].[localhost].[/]       : Initializing Spring DispatcherServlet 'dispatcherServlet'
2024-11-24T23:28:51.711+07:00  INFO 11648 --- [HotelBooking] [http-nio-8080-exec-2] o.s.web.servlet.DispatcherServlet        : Initializing Servlet 'dispatcherServlet'
2024-11-24T23:28:51.712+07:00  INFO 11648 --- [HotelBooking] [http-nio-8080-exec-2] o.s.web.servlet.DispatcherServlet        : Completed initialization in 1 ms
2024-11-24T23:28:51.724+07:00 DEBUG 11648 --- [HotelBooking] [http-nio-8080-exec-2] o.s.security.web.FilterChainProxy        : Securing POST /api/auth/signup
2024-11-24T23:28:51.738+07:00 DEBUG 11648 --- [HotelBooking] [http-nio-8080-exec-2] o.s.security.web.csrf.CsrfFilter         : Invalid CSRF token found for http://localhost:8080/api/auth/signup
2024-11-24T23:28:51.738+07:00 DEBUG 11648 --- [HotelBooking] [http-nio-8080-exec-2] o.s.s.w.access.AccessDeniedHandlerImpl   : Responding with 403 status code
2024-11-24T23:28:51.743+07:00 DEBUG 11648 --- [HotelBooking] [http-nio-8080-exec-2] o.s.security.web.FilterChainProxy        : Securing POST /error
2024-11-24T23:28:51.745+07:00 DEBUG 11648 --- [HotelBooking] [http-nio-8080-exec-2] o.s.s.w.a.AnonymousAuthenticationFilter  : Set SecurityContextHolder to anonymous SecurityContext
2024-11-24T23:28:51.748+07:00 DEBUG 11648 --- [HotelBooking] [http-nio-8080-exec-2] s.w.a.DelegatingAuthenticationEntryPoint : Trying to match using And [Not [RequestHeaderRequestMatcher [expectedHeaderName=X-Requested-With, expectedHeaderValue=XMLHttpRequest]], MediaTypeRequestMatcher [contentNegotiationStrategy=org.springframework.web.accept.ContentNegotiationManager@594965c9, matchingMediaTypes=[application/xhtml+xml, image/*, text/html, text/plain], useEquals=false, ignoredMediaTypes=[*/*]]]
2024-11-24T23:28:51.749+07:00 DEBUG 11648 --- [HotelBooking] [http-nio-8080-exec-2] s.w.a.DelegatingAuthenticationEntryPoint : Trying to match using Or [RequestHeaderRequestMatcher [expectedHeaderName=X-Requested-With, expectedHeaderValue=XMLHttpRequest], And [Not [MediaTypeRequestMatcher [contentNegotiationStrategy=org.springframework.web.accept.ContentNegotiationManager@594965c9, matchingMediaTypes=[text/html], useEquals=false, ignoredMediaTypes=[]]], MediaTypeRequestMatcher [contentNegotiationStrategy=org.springframework.web.accept.ContentNegotiationManager@594965c9, matchingMediaTypes=[application/atom+xml, application/x-www-form-urlencoded, application/json, application/octet-stream, application/xml, multipart/form-data, text/xml], useEquals=false, ignoredMediaTypes=[*/*]]], MediaTypeRequestMatcher [contentNegotiationStrategy=org.springframework.web.accept.ContentNegotiationManager@594965c9, matchingMediaTypes=[*/*], useEquals=true, ignoredMediaTypes=[]]]
2024-11-24T23:28:51.749+07:00 DEBUG 11648 --- [HotelBooking] [http-nio-8080-exec-2] s.w.a.DelegatingAuthenticationEntryPoint : Match found! Executing org.springframework.security.web.authentication.DelegatingAuthenticationEntryPoint@4fcb796f
2024-11-24T23:28:51.750+07:00 DEBUG 11648 --- [HotelBooking] [http-nio-8080-exec-2] s.w.a.DelegatingAuthenticationEntryPoint : Trying to match using RequestHeaderRequestMatcher [expectedHeaderName=X-Requested-With, expectedHeaderValue=XMLHttpRequest]
2024-11-24T23:28:51.750+07:00 DEBUG 11648 --- [HotelBooking] [http-nio-8080-exec-2] s.w.a.DelegatingAuthenticationEntryPoint : No match found. Using default entry point org.springframework.security.web.authentication.www.BasicAuthenticationEntryPoint@214dc131
2024-11-24T23:34:21.144+07:00  INFO 11648 --- [HotelBooking] [SpringApplicationShutdownHook] j.LocalContainerEntityManagerFactoryBean : Closing JPA EntityManagerFactory for persistence unit 'default'
2024-11-24T23:34:21.146+07:00  INFO 11648 --- [HotelBooking] [SpringApplicationShutdownHook] com.zaxxer.hikari.HikariDataSource       : HikariPool-1 - Shutdown initiated...
2024-11-24T23:34:21.151+07:00  INFO 11648 --- [HotelBooking] [SpringApplicationShutdownHook] com.zaxxer.hikari.HikariDataSource       : HikariPool-1 - Shutdown completed.
